\BOOKMARK [0][-]{chapter.1}{\376\377\000D\000e\000n\000k\000a\000n\000s\000t\000\366\000\337\000e}{}% 1
\BOOKMARK [0][-]{chapter.2}{\376\377\000B\000e\000g\000r\000\374\000n\000d\000u\000n\000g\000\040\000v\000o\000n\000\040\000P\000h\000y\000s\000i\000k\000\040\000i\000n\000\040\000d\000e\000r\000\040\000S\000c\000h\000u\000l\000e}{}% 2
\BOOKMARK [0][-]{chapter.3}{\376\377\000D\000i\000e\000\040\000E\000r\000k\000e\000n\000n\000t\000n\000i\000s\000\040\000v\000o\000n\000\040\000N\000a\000t\000u\000r\000\040\040\023\000\040\000d\000u\000r\000c\000h\000\040\000d\000i\000e\000\040\000P\000h\000y\000s\000i\000k}{}% 3
\BOOKMARK [1][-]{section.3.1}{\376\377\000P\000h\000y\000s\000i\000k\000a\000l\000i\000s\000c\000h\000e\000r\000\040\000E\000r\000k\000e\000n\000n\000t\000n\000i\000s\000w\000e\000g}{chapter.3}% 4
\BOOKMARK [1][-]{section.3.2}{\376\377\000P\000h\000y\000s\000i\000k\000\040\000u\000n\000d\000\040\000E\000r\000z\000i\000e\000h\000u\000n\000g}{chapter.3}% 5
\BOOKMARK [0][-]{chapter.4}{\376\377\000D\000i\000d\000a\000k\000t\000i\000s\000c\000h\000e\000\040\000M\000o\000d\000e\000l\000l\000e}{}% 6
\BOOKMARK [0][-]{chapter.5}{\376\377\000M\000e\000r\000k\000m\000a\000l\000e\000\040\000g\000u\000t\000e\000n\000\040\000U\000n\000t\000e\000r\000r\000i\000c\000h\000t\000s}{}% 7
\BOOKMARK [1][-]{section.5.1}{\376\377\000D\000i\000e\000\040\000i\000n\000t\000e\000r\000n\000a\000t\000i\000o\000n\000a\000l\000e\000\040\000S\000c\000h\000u\000l\000l\000e\000i\000s\000t\000u\000n\000g\000s\000s\000t\000u\000d\000i\000e\000\040\000P\000I\000S\000A}{chapter.5}% 8
\BOOKMARK [1][-]{section.5.2}{\376\377\000B\000a\000s\000i\000s\000d\000i\000m\000e\000n\000s\000i\000o\000n\000e\000n\000\040\000g\000u\000t\000e\000n\000\040\000U\000n\000t\000e\000r\000r\000i\000c\000h\000t\000s}{chapter.5}% 9
\BOOKMARK [1][-]{section.5.3}{\376\377\000D\000i\000e\000\040\000I\000P\000N\000\040\000I\000n\000t\000e\000r\000e\000s\000s\000e\000n\000s\000t\000u\000d\000i\000e\000\040\000P\000h\000y\000s\000i\000k\000\040\000\050\040\036\000K\000i\000e\000l\000e\000r\040\034\000\040\000I\000n\000t\000e\000r\000e\000s\000s\000e\000n\000s\000t\000u\000d\000i\000e\000\051}{chapter.5}% 10
\BOOKMARK [1][-]{section.5.4}{\376\377\000D\000i\000e\000\040\000H\000a\000t\000t\000i\000e\000-\000S\000t\000u\000d\000i\000e}{chapter.5}% 11
\BOOKMARK [0][-]{chapter.6}{\376\377\000L\000e\000r\000n\000z\000i\000e\000l\000e}{}% 12
\BOOKMARK [1][-]{section.6.1}{\376\377\000L\000e\000r\000n\000e\000n\000\040\000o\000r\000d\000n\000e\000n\000:\000\040\000Z\000u\000m\000\040\000B\000e\000g\000r\000i\000f\000f\000\040\000d\000e\000s\000\040\000L\000e\000r\000n\000z\000i\000e\000l\000s}{chapter.6}% 13
\BOOKMARK [1][-]{section.6.2}{\376\377\000F\000u\000n\000k\000t\000i\000o\000n\000e\000n\000\040\000v\000o\000n\000\040\000L\000e\000r\000n\000z\000i\000e\000l\000e\000n}{chapter.6}% 14
\BOOKMARK [1][-]{section.6.3}{\376\377\000L\000e\000r\000n\000z\000i\000e\000l\000e\000b\000e\000n\000e\000n}{chapter.6}% 15
\BOOKMARK [1][-]{section.6.4}{\376\377\000L\000e\000r\000n\000z\000i\000e\000l\000t\000a\000x\000o\000n\000o\000m\000i\000e\000n\000\040\000u\000n\000d\000\040\000O\000p\000e\000r\000a\000t\000i\000o\000n\000a\000l\000i\000s\000i\000e\000r\000u\000n\000g}{chapter.6}% 16
\BOOKMARK [2][-]{subsection.6.4.1}{\376\377\000Z\000u\000r\000\040\000D\000i\000m\000e\000n\000s\000i\000o\000n\000\040\000d\000e\000s\000\040\000W\000i\000s\000s\000e\000n\000s}{section.6.4}% 17
\BOOKMARK [2][-]{subsection.6.4.2}{\376\377\000Z\000u\000r\000\040\000D\000i\000m\000e\000n\000s\000i\000o\000n\000\040\000k\000o\000g\000n\000i\000t\000i\000v\000e\000r\000\040\000P\000r\000o\000z\000e\000s\000s\000e}{section.6.4}% 18
\BOOKMARK [2][-]{subsection.6.4.3}{\376\377\000O\000p\000e\000r\000a\000t\000i\000o\000n\000a\000l\000i\000s\000i\000e\000r\000u\000n\000g}{section.6.4}% 19
\BOOKMARK [1][-]{section.6.5}{\376\377\000B\000i\000l\000d\000u\000n\000g\000s\000s\000t\000a\000n\000d\000a\000r\000d\000s\000\040\000u\000n\000d\000\040\000d\000i\000e\000\040\000K\000M\000K}{chapter.6}% 20
\BOOKMARK [0][-]{chapter.7}{\376\377\000S\000c\000h\000\374\000l\000e\000r\000v\000o\000r\000s\000t\000e\000l\000l\000u\000n\000g\000e\000n\000\040\000u\000n\000d\000\040\000K\000o\000n\000z\000e\000p\000t\000w\000e\000c\000h\000s\000e\000l}{}% 21
\BOOKMARK [1][-]{section.7.1}{\376\377\000K\000o\000n\000s\000t\000r\000u\000k\000t\000i\000v\000i\000s\000m\000u\000s}{chapter.7}% 22
\BOOKMARK [1][-]{section.7.2}{\376\377\000S\000c\000h\000\374\000l\000e\000r\000v\000o\000r\000s\000t\000e\000l\000l\000u\000n\000g\000e\000n\000\040\040\023\000\040\000B\000e\000g\000r\000i\000f\000f\000\040\000u\000n\000d\000\040\000U\000r\000s\000a\000c\000h\000e\000n}{chapter.7}% 23
\BOOKMARK [1][-]{section.7.3}{\376\377\000T\000e\000s\000t\000s\000\040\000z\000u\000m\000\040\000E\000r\000f\000a\000s\000s\000e\000n\000\040\000v\000o\000n\000\040\000S\000c\000h\000\374\000l\000e\000r\000v\000o\000r\000s\000t\000e\000l\000l\000u\000n\000g\000e\000n}{chapter.7}% 24
\BOOKMARK [1][-]{section.7.4}{\376\377\000S\000t\000r\000a\000t\000e\000g\000i\000e\000n\000\040\000z\000u\000m\000\040\000E\000r\000r\000e\000i\000c\000h\000e\000n\000\040\000e\000i\000n\000e\000s\000\040\000K\000o\000n\000z\000e\000p\000t\000w\000e\000c\000h\000s\000e\000l\000s}{chapter.7}% 25
\BOOKMARK [1][-]{section.7.5}{\376\377\000F\000a\000z\000i\000t}{chapter.7}% 26
\BOOKMARK [1][-]{section.7.6}{\376\377\000B\000e\000i\000s\000p\000i\000e\000l\000e}{chapter.7}% 27
\BOOKMARK [0][-]{chapter.8}{\376\377\000A\000u\000f\000b\000e\000r\000e\000i\000t\000e\000n\000\040\000v\000o\000n\000\040\000U\000n\000t\000e\000r\000r\000i\000c\000h\000t\000s\000i\000n\000h\000a\000l\000t\000e\000n}{}% 28
\BOOKMARK [1][-]{section.8.1}{\376\377\000D\000i\000d\000a\000k\000t\000i\000s\000c\000h\000e\000\040\000A\000n\000a\000l\000y\000s\000e\000\040\000n\000a\000c\000h\000\040\000K\000l\000a\000f\000k\000i\000\040\000/\000\040\000K\000r\000i\000t\000i\000s\000c\000h\000-\000k\000o\000n\000s\000t\000r\000u\000k\000t\000i\000v\000e\000\040\000D\000i\000d\000a\000k\000t\000i\000k}{chapter.8}% 29
\BOOKMARK [1][-]{section.8.2}{\376\377\000E\000l\000e\000m\000e\000n\000t\000a\000r\000i\000s\000i\000e\000r\000u\000n\000g\000\040\000u\000n\000d\000\040\000d\000i\000d\000a\000k\000t\000i\000s\000c\000h\000e\000\040\000R\000e\000k\000o\000n\000s\000t\000r\000u\000k\000t\000i\000o\000n}{chapter.8}% 30
\BOOKMARK [2][-]{subsection.8.2.1}{\376\377\000E\000l\000e\000m\000e\000n\000t\000a\000r\000i\000s\000i\000e\000r\000u\000n\000g}{section.8.2}% 31
\BOOKMARK [2][-]{subsection.8.2.2}{\376\377\000G\000\374\000t\000e\000k\000r\000i\000t\000e\000r\000i\000e\000n\000\040\000f\000\374\000r\000\040\000E\000l\000e\000m\000e\000n\000t\000a\000r\000i\000s\000i\000e\000r\000u\000n\000g\000e\000n}{section.8.2}% 32
\BOOKMARK [2][-]{subsection.8.2.3}{\376\377\000T\000y\000p\000e\000n\000\040\000d\000e\000r\000\040\000E\000l\000e\000m\000e\000n\000t\000a\000r\000i\000s\000i\000e\000r\000u\000n\000g}{section.8.2}% 33
\BOOKMARK [2][-]{subsection.8.2.4}{\376\377\000V\000e\000r\000w\000a\000n\000d\000t\000e\000\040\000d\000i\000d\000a\000k\000t\000i\000s\000c\000h\000e\000\040\000B\000e\000g\000r\000i\000f\000f\000s\000b\000i\000l\000d\000u\000n\000g\000e\000n}{section.8.2}% 34
\BOOKMARK [2][-]{subsection.8.2.5}{\376\377\000E\000l\000e\000m\000e\000n\000t\000a\000r\000i\000s\000i\000e\000r\000u\000n\000g\000\040\000e\000r\000k\000e\000n\000n\000e\000n}{section.8.2}% 35
\BOOKMARK [2][-]{subsection.8.2.6}{\376\377\000D\000i\000d\000a\000k\000t\000i\000s\000c\000h\000e\000\040\000R\000e\000k\000o\000n\000s\000t\000r\000u\000k\000t\000i\000o\000n\000\040\000n\000a\000c\000h\000\040\000K\000a\000t\000t\000m\000a\000n\000n}{section.8.2}% 36
\BOOKMARK [1][-]{section.8.3}{\376\377\000A\000n\000a\000l\000o\000g\000i\000e\000n\000\040\000u\000n\000d\000\040\000M\000o\000d\000e\000l\000l\000e\000\040\000i\000m\000\040\000P\000h\000y\000s\000i\000k\000u\000n\000t\000e\000r\000r\000i\000c\000h\000t}{chapter.8}% 37
\BOOKMARK [2][-]{subsection.8.3.1}{\376\377\000A\000n\000a\000l\000o\000g\000i\000e\000n}{section.8.3}% 38
\BOOKMARK [2][-]{subsection.8.3.2}{\376\377\000M\000o\000d\000e\000l\000l\000e}{section.8.3}% 39
\BOOKMARK [0][-]{chapter.9}{\376\377\000S\000t\000r\000u\000k\000t\000u\000r\000i\000e\000r\000u\000n\000g\000\040\000d\000e\000s\000\040\000U\000n\000t\000e\000r\000r\000i\000c\000h\000t\000s}{}% 40
\BOOKMARK [1][-]{section.9.1}{\376\377\000U\000n\000t\000e\000r\000r\000i\000c\000h\000t\000s\000p\000r\000i\000n\000z\000i\000p\000i\000e\000n}{chapter.9}% 41
\BOOKMARK [1][-]{section.9.2}{\376\377\000D\000i\000e\000\040\000P\000l\000a\000n\000u\000n\000g\000s\000e\000b\000e\000n\000e\000n\000\040\000i\000m\000\040\000U\000n\000t\000e\000r\000r\000i\000c\000h\000t\000s\000e\000n\000t\000w\000u\000r\000f}{chapter.9}% 42
\BOOKMARK [1][-]{section.9.3}{\376\377\000A\000r\000t\000i\000k\000u\000l\000a\000t\000i\000o\000n\000s\000s\000c\000h\000e\000m\000a\000t\000a}{chapter.9}% 43
\BOOKMARK [2][-]{subsection.9.3.1}{\376\377\000H\000e\000r\000b\000a\000r\000t\000:\000\040\000D\000i\000e\000\040\000F\000o\000r\000m\000a\000l\000s\000t\000u\000f\000e\000n}{section.9.3}% 44
\BOOKMARK [2][-]{subsection.9.3.2}{\376\377\000H\000e\000i\000n\000r\000i\000c\000h\000\040\000R\000o\000t\000h\000\040\000\050\0001\0009\0006\0003\000\051\000:\000\040\000D\000i\000e\000\040\000L\000e\000r\000n\000s\000t\000u\000f\000e\000n}{section.9.3}% 45
\BOOKMARK [2][-]{subsection.9.3.3}{\376\377\000N\000o\000r\000m\000a\000l\000v\000e\000r\000f\000a\000h\000r\000e\000n\000:\000\040\000O\000r\000i\000e\000n\000t\000i\000e\000r\000u\000n\000g\000\040\000a\000m\000\040\000n\000a\000t\000u\000r\000w\000i\000s\000s\000e\000n\000s\000c\000h\000a\000f\000t\000l\000i\000c\000h\000e\000n\000\040\000E\000r\000k\000e\000n\000n\000t\000n\000i\000s\000w\000e\000g}{section.9.3}% 46
\BOOKMARK [2][-]{subsection.9.3.4}{\376\377\000F\000a\000l\000l\000s\000t\000u\000d\000i\000e\000:\000\040\000D\000i\000e\000\040\000P\000h\000a\000s\000e\000\040\000d\000e\000r\000\040\000M\000o\000t\000i\000v\000a\000t\000i\000o\000n}{section.9.3}% 47
\BOOKMARK [2][-]{subsection.9.3.5}{\376\377\000F\000a\000l\000l\000s\000t\000u\000d\000i\000e\000:\000\040\000E\000i\000n\000s\000t\000i\000e\000g\000e\000\040\000i\000n\000\040\000e\000i\000n\000e\000\040\000U\000n\000t\000e\000r\000r\000i\000c\000h\000t\000s\000e\000i\000n\000h\000e\000i\000t}{section.9.3}% 48
\BOOKMARK [2][-]{subsection.9.3.6}{\376\377\000F\000a\000l\000l\000s\000t\000u\000d\000i\000e\000:\000\040\000D\000a\000s\000\040\000A\000u\000f\000s\000t\000e\000l\000l\000e\000n\000\040\000e\000i\000n\000e\000r\000\040\000V\000e\000r\000m\000u\000t\000u\000n\000g\000\040\000b\000z\000w\000.\000\040\000H\000y\000p\000o\000t\000h\000e\000s\000e}{section.9.3}% 49
\BOOKMARK [1][-]{section.9.4}{\376\377\000U\000n\000t\000e\000r\000r\000i\000c\000h\000t\000s\000v\000e\000r\000f\000a\000h\000r\000e\000n}{chapter.9}% 50
\BOOKMARK [2][-]{subsection.9.4.1}{\376\377\000D\000a\000s\000\040\000g\000e\000n\000e\000t\000i\000s\000c\000h\000e\000\040\000U\000n\000t\000e\000r\000r\000i\000c\000h\000t\000s\000v\000e\000r\000f\000a\000h\000r\000e\000n}{section.9.4}% 51
\BOOKMARK [2][-]{subsection.9.4.2}{\376\377\000F\000o\000r\000s\000c\000h\000e\000n\000d\000e\000r\000\040\000U\000n\000t\000e\000r\000r\000i\000c\000h\000t}{section.9.4}% 52
\BOOKMARK [2][-]{subsection.9.4.3}{\376\377\000N\000a\000c\000h\000e\000r\000f\000i\000n\000d\000e\000n\000d\000e\000r\000\040\000U\000n\000t\000e\000r\000r\000i\000c\000h\000t}{section.9.4}% 53
\BOOKMARK [2][-]{subsection.9.4.4}{\376\377\000H\000i\000s\000t\000o\000r\000i\000s\000i\000e\000r\000e\000n\000d\000e\000r\000\040\000U\000n\000t\000e\000r\000r\000i\000c\000h\000t}{section.9.4}% 54
\BOOKMARK [2][-]{subsection.9.4.5}{\376\377\000S\000i\000n\000n\000v\000o\000l\000l\000\040\000\374\000b\000e\000r\000n\000e\000h\000m\000e\000n\000d\000e\000r\000\040\000U\000n\000t\000e\000r\000r\000i\000c\000h\000t\000\040\000n\000a\000c\000h\000\040\000A\000u\000s\000u\000b\000e\000l\000\040\000\050\0001\0009\0007\0004\000\051}{section.9.4}% 55
\BOOKMARK [2][-]{subsection.9.4.6}{\376\377\000I\000n\000d\000u\000k\000t\000i\000v\000-\000d\000e\000d\000u\000k\000t\000i\000v\000e\000s\000\040\000V\000e\000r\000f\000a\000h\000r\000e\000n}{section.9.4}% 56
\BOOKMARK [0][-]{chapter.10}{\376\377\000M\000e\000t\000h\000o\000d\000i\000s\000c\000h\000e\000\040\000G\000e\000s\000t\000a\000l\000t\000u\000n\000g\000\040\000d\000e\000s\000\040\000U\000n\000t\000e\000r\000r\000i\000c\000h\000t\000s}{}% 57
\BOOKMARK [1][-]{section.10.1}{\376\377\000H\000a\000n\000d\000l\000u\000n\000g\000s\000-\000\040\000o\000d\000e\000r\000\040\000A\000k\000t\000i\000o\000n\000s\000f\000o\000r\000m\000e\000n}{chapter.10}% 58
\BOOKMARK [2][-]{subsection.10.1.1}{\376\377\000V\000o\000r\000t\000r\000a\000g}{section.10.1}% 59
\BOOKMARK [2][-]{subsection.10.1.2}{\376\377\000L\000e\000h\000r\000g\000e\000s\000p\000r\000\344\000c\000h}{section.10.1}% 60
\BOOKMARK [1][-]{section.10.2}{\376\377\000S\000o\000z\000i\000a\000l\000f\000o\000r\000m\000e\000n}{chapter.10}% 61
\BOOKMARK [2][-]{subsection.10.2.1}{\376\377\000A\000r\000b\000e\000i\000t\000\040\000i\000m\000\040\000K\000l\000a\000s\000s\000e\000n\000v\000e\000r\000b\000a\000n\000d}{section.10.2}% 62
\BOOKMARK [2][-]{subsection.10.2.2}{\376\377\000A\000r\000b\000e\000i\000t\000\040\000i\000n\000\040\000K\000l\000e\000i\000n\000g\000r\000u\000p\000p\000e\000n}{section.10.2}% 63
\BOOKMARK [2][-]{subsection.10.2.3}{\376\377\000P\000a\000r\000t\000n\000e\000r\000a\000r\000b\000e\000i\000t}{section.10.2}% 64
\BOOKMARK [2][-]{subsection.10.2.4}{\376\377\000E\000i\000n\000z\000e\000l\000a\000r\000b\000e\000i\000t}{section.10.2}% 65
\BOOKMARK [1][-]{section.10.3}{\376\377\000O\000r\000g\000a\000n\000i\000s\000a\000t\000i\000o\000n\000s\000f\000o\000r\000m\000e\000n}{chapter.10}% 66
\BOOKMARK [2][-]{subsection.10.3.1}{\376\377\000K\000l\000a\000s\000s\000e\000n\000-\000\040\000u\000n\000d\000\040\000F\000a\000c\000h\000l\000e\000h\000r\000e\000r\000p\000r\000i\000n\000z\000i\000p}{section.10.3}% 67
\BOOKMARK [2][-]{subsection.10.3.2}{\376\377\000Z\000e\000i\000t\000s\000t\000r\000u\000k\000t\000u\000r\000\040\000d\000e\000s\000\040\000U\000n\000t\000e\000r\000r\000i\000c\000h\000t\000s}{section.10.3}% 68
\BOOKMARK [2][-]{subsection.10.3.3}{\376\377\000A\000u\000\337\000e\000r\000s\000c\000h\000u\000l\000i\000s\000c\000h\000e\000\040\000L\000e\000r\000n\000o\000r\000t\000e}{section.10.3}% 69
\BOOKMARK [2][-]{subsection.10.3.4}{\376\377\000P\000r\000o\000j\000e\000k\000t\000\040\040\024\000\040\000p\000r\000o\000j\000e\000k\000t\000o\000r\000i\000e\000n\000t\000i\000e\000r\000t\000e\000r\000\040\000U\000n\000t\000e\000r\000r\000i\000c\000h\000t}{section.10.3}% 70
\BOOKMARK [1][-]{section.10.4}{\376\377\000L\000e\000r\000n\000e\000n\000\040\000a\000n\000\040\000S\000t\000a\000t\000i\000o\000n\000e\000n}{chapter.10}% 71
\BOOKMARK [1][-]{section.10.5}{\376\377\000F\000a\000c\000h\000\374\000b\000e\000r\000g\000r\000e\000i\000f\000e\000n\000d\000e\000r\000\040\000U\000n\000t\000e\000r\000r\000i\000c\000h\000t}{chapter.10}% 72
\BOOKMARK [2][-]{subsection.10.5.1}{\376\377\000B\000e\000g\000r\000i\000f\000f\000e\000\040\040\024\000\040\000A\000l\000t\000e\000r\000n\000a\000t\000i\000v\000e\000n}{section.10.5}% 73
\BOOKMARK [2][-]{subsection.10.5.2}{\376\377\000W\000i\000s\000s\000e\000n\000s\000c\000h\000a\000f\000t\000s\000t\000h\000e\000o\000r\000e\000t\000i\000s\000c\000h\000e\000\040\000A\000s\000p\000e\000k\000t\000e}{section.10.5}% 74
\BOOKMARK [2][-]{subsection.10.5.3}{\376\377\000U\000n\000t\000e\000r\000r\000i\000c\000h\000t\000s\000p\000r\000i\000n\000z\000i\000p\000i\000e\000n}{section.10.5}% 75
\BOOKMARK [2][-]{subsection.10.5.4}{\376\377\000L\000e\000r\000n\000t\000h\000e\000o\000r\000e\000t\000i\000s\000c\000h\000e\000\040\000A\000s\000p\000e\000k\000t\000e}{section.10.5}% 76
\BOOKMARK [2][-]{subsection.10.5.5}{\376\377\000O\000r\000g\000a\000n\000i\000s\000a\000t\000o\000r\000i\000s\000c\000h\000e\000\040\000A\000s\000p\000e\000k\000t\000e}{section.10.5}% 77
\BOOKMARK [2][-]{subsection.10.5.6}{\376\377\000G\000r\000u\000n\000d\000h\000a\000l\000t\000u\000n\000g\000\040\000d\000e\000r\000\040\000P\000h\000y\000s\000i\000k\000\040\000u\000n\000d\000\040\000P\000h\000y\000s\000i\000k\000d\000i\000d\000a\000k\000t\000i\000k}{section.10.5}% 78
\BOOKMARK [2][-]{subsection.10.5.7}{\376\377\000M\000\366\000g\000l\000i\000c\000h\000e\000\040\000L\000e\000i\000t\000m\000o\000t\000i\000v\000e}{section.10.5}% 79
\BOOKMARK [2][-]{subsection.10.5.8}{\376\377\000M\000\366\000g\000l\000i\000c\000h\000e\000\040\000T\000h\000e\000m\000e\000n\000b\000e\000r\000e\000i\000c\000h\000e}{section.10.5}% 80
\BOOKMARK [1][-]{section.10.6}{\376\377\000E\000i\000g\000e\000n\000v\000e\000r\000a\000n\000t\000w\000o\000r\000t\000l\000i\000c\000h\000e\000s\000\040\000A\000r\000b\000e\000i\000t\000e\000n\000\040\000\050\000E\000V\000A\000\051}{chapter.10}% 81
\BOOKMARK [2][-]{subsection.10.6.1}{\376\377\000A\000r\000b\000e\000i\000t\000s\000d\000e\000f\000i\000n\000i\000t\000i\000o\000n}{section.10.6}% 82
\BOOKMARK [2][-]{subsection.10.6.2}{\376\377\000M\000e\000t\000h\000o\000d\000i\000s\000c\000h\000e\000\040\000U\000m\000s\000e\000t\000z\000u\000n\000g\000\040\000v\000o\000n\000\040\000E\000V\000A}{section.10.6}% 83
\BOOKMARK [2][-]{subsection.10.6.3}{\376\377\000P\000s\000y\000c\000h\000o\000l\000o\000g\000i\000s\000c\000h\000e\000\040\000B\000e\000g\000r\000\374\000n\000d\000u\000n\000g}{section.10.6}% 84
\BOOKMARK [2][-]{subsection.10.6.4}{\376\377\000V\000e\000r\000w\000a\000n\000d\000t\000e\000\040\000K\000o\000n\000z\000e\000p\000t\000e}{section.10.6}% 85
\BOOKMARK [2][-]{subsection.10.6.5}{\376\377\000U\000m\000s\000e\000t\000z\000u\000n\000g\000\040\000i\000m\000\040\000L\000e\000h\000r\000p\000l\000a\000n\000P\000l\000u\000s}{section.10.6}% 86
\BOOKMARK [0][-]{chapter.11}{\376\377\000D\000e\000r\000\040\000s\000c\000h\000r\000i\000f\000t\000l\000i\000c\000h\000e\000\040\000U\000n\000t\000e\000r\000r\000i\000c\000h\000t\000s\000e\000n\000t\000w\000u\000r\000f}{}% 87
\BOOKMARK [0][-]{chapter.12}{\376\377\000E\000x\000p\000e\000r\000i\000m\000e\000n\000t\000i\000e\000r\000e\000n\000\040\000i\000m\000\040\000P\000h\000y\000s\000i\000k\000u\000n\000t\000e\000r\000r\000i\000c\000h\000t}{}% 88
\BOOKMARK [1][-]{section.12.1}{\376\377\000D\000a\000s\000\040\000E\000x\000p\000e\000r\000i\000m\000e\000n\000t\000\040\000a\000l\000s\000\040\000p\000h\000y\000s\000i\000k\000a\000l\000i\000s\000c\000h\000-\000\040\000e\000r\000k\000e\000n\000n\000t\000n\000i\000s\000t\000h\000e\000o\000r\000e\000t\000i\000s\000c\000h\000e\000\040\000M\000e\000t\000h\000o\000d\000e}{chapter.12}% 89
\BOOKMARK [2][-]{subsection.12.1.1}{\376\377\000W\000e\000s\000e\000n\000s\000m\000e\000r\000k\000m\000a\000l\000e\000\040\000v\000o\000n\000\040\000E\000x\000p\000e\000r\000i\000m\000e\000n\000t\000e\000n}{section.12.1}% 90
\BOOKMARK [1][-]{section.12.2}{\376\377\000D\000a\000s\000\040\000E\000x\000p\000e\000r\000i\000m\000e\000n\000t\000\040\000a\000l\000s\000\040\000u\000n\000t\000e\000r\000r\000i\000c\000h\000t\000l\000i\000c\000h\000-\000l\000e\000r\000n\000t\000h\000e\000o\000r\000e\000t\000i\000s\000c\000h\000e\000\040\000M\000e\000t\000h\000o\000d\000e}{chapter.12}% 91
\BOOKMARK [1][-]{section.12.3}{\376\377\000K\000l\000a\000s\000s\000i\000f\000i\000k\000a\000t\000i\000o\000n\000\040\000v\000o\000n\000\040\000U\000n\000t\000e\000r\000r\000i\000c\000h\000t\000s\000e\000x\000p\000e\000r\000i\000m\000e\000n\000t\000e\000n}{chapter.12}% 92
\BOOKMARK [2][-]{subsection.12.3.1}{\376\377\000E\000r\000k\000e\000n\000n\000t\000n\000i\000s\000t\000h\000e\000o\000r\000e\000t\000i\000s\000c\000h\000e\000\040\000F\000u\000n\000k\000t\000i\000o\000n}{section.12.3}% 93
\BOOKMARK [2][-]{subsection.12.3.2}{\376\377\000Z\000e\000i\000t\000l\000i\000c\000h\000e\000\040\000E\000i\000n\000o\000r\000d\000n\000u\000n\000g\000\040\000i\000n\000\040\000e\000i\000n\000e\000r\000\040\000U\000n\000t\000e\000r\000r\000i\000c\000h\000t\000s\000e\000i\000n\000h\000e\000i\000t}{section.12.3}% 94
\BOOKMARK [2][-]{subsection.12.3.3}{\376\377\000I\000n\000t\000e\000n\000s\000i\000t\000\344\000t\000\040\000u\000n\000d\000\040\000A\000r\000t\000\040\000d\000e\000r\000\040\000A\000u\000s\000w\000e\000r\000t\000u\000n\000g}{section.12.3}% 95
\BOOKMARK [2][-]{subsection.12.3.4}{\376\377\000A\000r\000t\000\040\000d\000e\000r\000\040\000R\000e\000p\000r\000\344\000s\000e\000n\000t\000a\000t\000i\000o\000n}{section.12.3}% 96
\BOOKMARK [2][-]{subsection.12.3.5}{\376\377\000E\000x\000p\000e\000r\000i\000m\000e\000n\000t\000i\000e\000r\000o\000r\000t}{section.12.3}% 97
\BOOKMARK [2][-]{subsection.12.3.6}{\376\377\000E\000x\000p\000e\000r\000i\000m\000e\000n\000t\000a\000t\000o\000r}{section.12.3}% 98
\BOOKMARK [2][-]{subsection.12.3.7}{\376\377\000S\000c\000h\000\374\000l\000e\000r\000e\000x\000p\000e\000r\000i\000m\000e\000n\000t\000e\000\040\000i\000n\000\040\000G\000r\000u\000p\000p\000e\000n\000a\000r\000b\000e\000i\000t}{section.12.3}% 99
\BOOKMARK [1][-]{section.12.4}{\376\377\000A\000l\000l\000g\000e\000m\000e\000i\000n\000e\000\040\000H\000i\000n\000w\000e\000i\000s\000e}{chapter.12}% 100
\BOOKMARK [1][-]{section.12.5}{\376\377\000F\000r\000e\000i\000h\000a\000n\000d\000e\000x\000p\000e\000r\000i\000m\000e\000n\000t\000e}{chapter.12}% 101
\BOOKMARK [2][-]{subsection.12.5.1}{\376\377\000A\000n\000d\000e\000r\000e\000\040\000G\000e\000s\000i\000c\000h\000t\000s\000p\000u\000n\000k\000t\000e}{section.12.5}% 102
\BOOKMARK [2][-]{subsection.12.5.2}{\376\377\000L\000o\000g\000i\000s\000t\000i\000k}{section.12.5}% 103
\BOOKMARK [2][-]{subsection.12.5.3}{\376\377\000N\000a\000c\000h\000t\000e\000i\000l\000e}{section.12.5}% 104
\BOOKMARK [0][-]{chapter.13}{\376\377\000M\000e\000d\000i\000e\000n\000\040\000i\000m\000\040\000U\000n\000t\000e\000r\000r\000i\000c\000h\000t}{}% 105
\BOOKMARK [1][-]{section.13.1}{\376\377\000B\000e\000g\000r\000i\000f\000f\000s\000b\000i\000l\000d\000u\000n\000g}{chapter.13}% 106
\BOOKMARK [2][-]{subsection.13.1.1}{\376\377\000Z\000i\000e\000l\000e\000\040\000b\000e\000i\000m\000\040\000E\000i\000n\000s\000a\000t\000z\000\040\000v\000o\000n\000\040\000M\000e\000d\000i\000e\000n}{section.13.1}% 107
\BOOKMARK [2][-]{subsection.13.1.2}{\376\377\000\334\000b\000e\000r\000b\000l\000i\000c\000k\000\040\000\374\000b\000e\000r\000\040\000a\000u\000d\000i\000o\000v\000i\000s\000u\000e\000l\000l\000e\000\040\000\050\000A\000V\000-\000\051\000\040\000M\000e\000d\000i\000e\000n}{section.13.1}% 108
\BOOKMARK [2][-]{subsection.13.1.3}{\376\377\000D\000i\000e\000\040\000W\000a\000n\000d\000t\000a\000f\000e\000l}{section.13.1}% 109
\BOOKMARK [2][-]{subsection.13.1.4}{\376\377\000D\000e\000r\000\040\000T\000a\000g\000e\000s\000l\000i\000c\000h\000t\000p\000r\000o\000j\000e\000k\000t\000o\000r\000\040\000\050\000T\000L\000P\000\040\000O\000H\000P\000\051}{section.13.1}% 110
\BOOKMARK [1][-]{section.13.2}{\376\377\000S\000c\000h\000r\000i\000f\000t\000l\000i\000c\000h\000e\000\040\000M\000e\000d\000i\000e\000n\000\040\040\024\000\040\000f\000\374\000r\000\040\000d\000i\000e\000\040\000H\000a\000n\000d\000\040\000d\000e\000r\000\040\000S\000c\000h\000\374\000l\000e\000r}{chapter.13}% 111
\BOOKMARK [2][-]{subsection.13.2.1}{\376\377\000D\000a\000s\000\040\000S\000c\000h\000u\000l\000b\000u\000c\000h}{section.13.2}% 112
\BOOKMARK [2][-]{subsection.13.2.2}{\376\377\000A\000r\000b\000e\000i\000t\000s\000b\000l\000\344\000t\000t\000e\000r\000\040\000u\000n\000d\000\040\000-\000h\000e\000f\000t\000e}{section.13.2}% 113
\BOOKMARK [2][-]{subsection.13.2.3}{\376\377\000D\000a\000s\000\040\000S\000c\000h\000\374\000l\000e\000r\000h\000e\000f\000t}{section.13.2}% 114
\BOOKMARK [1][-]{section.13.3}{\376\377\000R\000e\000c\000h\000n\000e\000r\000e\000i\000n\000s\000a\000t\000z\000\040\040\024\000\040\000s\000p\000e\000z\000i\000e\000l\000l\000\040\000i\000m\000\040\000P\000h\000y\000s\000i\000k\000u\000n\000t\000e\000r\000r\000i\000c\000h\000t}{chapter.13}% 115
\BOOKMARK [2][-]{subsection.13.3.1}{\376\377\000D\000e\000r\000\040\000R\000e\000c\000h\000n\000e\000r\000\040\000a\000l\000s\000\040\000A\000V\000-\000M\000e\000d\000i\000u\000m}{section.13.3}% 116
\BOOKMARK [2][-]{subsection.13.3.2}{\376\377\000D\000e\000r\000\040\000R\000e\000c\000h\000n\000e\000r\000\040\000a\000l\000s\000\040\000T\000O\000P\000I\000C}{section.13.3}% 117
\BOOKMARK [2][-]{subsection.13.3.3}{\376\377\000D\000e\000r\000\040\000R\000e\000c\000h\000n\000e\000r\000\040\000a\000l\000s\000\040\000,\000,\000L\000e\000r\000n\000e\000n\000d\000e\000r\000'\000'\000\040\000\050\000T\000U\000T\000E\000E\000\051}{section.13.3}% 118
\BOOKMARK [2][-]{subsection.13.3.4}{\376\377\000D\000e\000r\000\040\000R\000e\000c\000h\000n\000e\000r\000\040\000a\000l\000s\000\040\000W\000e\000r\000k\000z\000e\000u\000g\000/\000H\000i\000l\000f\000s\000m\000i\000t\000t\000e\000l\000\040\000\050\000T\000O\000O\000L\000\051}{section.13.3}% 119
\BOOKMARK [2][-]{subsection.13.3.5}{\376\377\000D\000e\000r\000\040\000R\000e\000c\000h\000n\000e\000r\000\040\000a\000l\000s\000\040\000L\000e\000h\000r\000e\000n\000d\000e\000r\000\040\000\050\000T\000U\000T\000O\000R\000\051}{section.13.3}% 120
\BOOKMARK [2][-]{subsection.13.3.6}{\376\377\000D\000e\000r\000\040\000R\000e\000c\000h\000n\000e\000r\000\040\000a\000l\000s\000\040\000H\000i\000l\000f\000s\000m\000i\000t\000t\000e\000l\000\040\000i\000m\000\040\000L\000e\000h\000r\000e\000r\000-\000B\000e\000r\000u\000f}{section.13.3}% 121
\BOOKMARK [2][-]{subsection.13.3.7}{\376\377\000E\000i\000n\000s\000a\000t\000z\000\040\000i\000n\000\040\000d\000e\000r\000\040\000S\000c\000h\000u\000l\000v\000e\000r\000w\000a\000l\000t\000u\000n\000g}{section.13.3}% 122
\BOOKMARK [2][-]{subsection.13.3.8}{\376\377\000M\000e\000s\000s\000w\000e\000r\000t\000-\000E\000r\000f\000a\000s\000s\000u\000n\000g\000\040\000b\000e\000i\000\040\000p\000h\000y\000s\000i\000k\000a\000l\000i\000s\000c\000h\000e\000n\000\040\000E\000x\000p\000e\000r\000i\000m\000e\000n\000t\000e\000n}{section.13.3}% 123
\BOOKMARK [1][-]{section.13.4}{\376\377\000K\000\374\000n\000s\000t\000l\000i\000c\000h\000e\000\040\000I\000n\000t\000e\000l\000l\000i\000g\000e\000n\000z\000\040\000\340\000\040\000l\000a\000\040\000C\000h\000a\000t\000G\000P\000T\000\040\040\024\000\040\000s\000p\000e\000z\000i\000e\000l\000l\000\040\000i\000m\000\040\000P\000h\000y\000s\000i\000k\000u\000n\000t\000e\000r\000r\000i\000c\000h\000t}{chapter.13}% 124
\BOOKMARK [0][-]{chapter.14}{\376\377\000S\000c\000h\000u\000l\000p\000r\000o\000f\000i\000l\000e}{}% 125
\BOOKMARK [1][-]{section.14.1}{\376\377\000D\000a\000s\000\040\000P\000r\000o\000f\000i\000l\000\040\000d\000e\000s\000\040\000G\000y\000m\000n\000a\000s\000i\000u\000m\000s}{chapter.14}% 126
\BOOKMARK [1][-]{section.14.2}{\376\377\000D\000a\000s\000\040\000P\000r\000o\000f\000i\000l\000\040\000d\000e\000r\000\040\000R\000e\000a\000l\000s\000c\000h\000u\000l\000e}{chapter.14}% 127
\BOOKMARK [0][-]{chapter.15}{\376\377\000L\000i\000t\000e\000r\000a\000t\000u\000r\000e\000m\000p\000f\000e\000h\000l\000u\000n\000g\000\040\000z\000u\000r\000\040\000V\000o\000r\000l\000e\000s\000u\000n\000g\000e\000n}{}% 128
\BOOKMARK [1][-]{section.15.1}{\376\377\000F\000a\000c\000h\000d\000i\000d\000a\000k\000t\000i\000s\000c\000h\000e\000\040\000G\000r\000u\000n\000d\000l\000a\000g\000e\000n\000b\000\374\000c\000h\000e\000r}{chapter.15}% 129
\BOOKMARK [1][-]{section.15.2}{\376\377\000S\000c\000h\000u\000l\000p\000\344\000d\000a\000g\000o\000g\000i\000s\000c\000h\000e\000\040\000W\000e\000r\000k\000e}{chapter.15}% 130
\BOOKMARK [1][-]{section.15.3}{\376\377\000Z\000e\000i\000t\000s\000c\000h\000r\000i\000f\000t\000e\000n}{chapter.15}% 131
\BOOKMARK [0][-]{appendix.A}{\376\377\000V\000e\000r\000b\000l\000i\000s\000t\000e\000n\000\040\000f\000\374\000r\000\040\000O\000p\000e\000r\000a\000t\000i\000o\000n\000a\000l\000i\000s\000i\000e\000r\000t\000e\000\040\000L\000e\000r\000n\000z\000i\000e\000l\000e}{}% 132
\BOOKMARK [0][-]{appendix.B}{\376\377\000B\000e\000r\000l\000i\000n\000e\000r\000\040\000M\000o\000d\000e\000l\000l}{}% 133
\BOOKMARK [0][-]{appendix.C}{\376\377\000W\000e\000i\000t\000e\000r\000e\000\040\000A\000r\000t\000i\000k\000u\000l\000a\000t\000i\000o\000n\000s\000s\000c\000h\000e\000m\000a\000t\000a}{}% 134
\BOOKMARK [1][-]{section.C.1}{\376\377\000G\000r\000o\000b\000-\000P\000h\000a\000s\000e\000n\000\040\000g\000e\000m\000\344\000\337\000\040\000D\000u\000i\000t\000H\000a\000u\000s\000s\000l\000e\000r\000K\000i\000r\000c\000h\000e\000r}{appendix.C}% 135
\BOOKMARK [1][-]{section.C.2}{\376\377\000P\000l\000o\000e\000g\000e\000r\000:\000\040\000F\000o\000r\000s\000c\000h\000e\000n\000d\000e\000r\000\040\000P\000h\000y\000s\000i\000k\000u\000n\000t\000e\000r\000r\000i\000c\000h\000t}{appendix.C}% 136
\BOOKMARK [1][-]{section.C.3}{\376\377\000H\000.\000F\000.\000\040\000B\000a\000u\000e\000r\000:\000\040\000E\000x\000p\000e\000r\000i\000m\000e\000n\000t\000a\000l\000u\000n\000t\000e\000r\000r\000i\000c\000h\000t\000\040\000\050\0001\0009\0008\0004\000\051}{appendix.C}% 137
\BOOKMARK [0][-]{appendix.D}{\376\377\000B\000e\000i\000s\000p\000i\000e\000l\000\040\000e\000i\000n\000e\000r\000\040\000d\000i\000d\000a\000k\000t\000i\000s\000c\000h\000e\000n\000\040\000A\000n\000a\000l\000y\000s\000e}{}% 138
